==18098== Memcheck, a memory error detector
==18098== Copyright (C) 2002-2017, and GNU GPL'd, by Julian Seward et al.
==18098== Using Valgrind-3.13.0 and LibVEX; rerun with -h for copyright info
==18098== Command: ./bin/53shell
==18098== Parent PID: 1692
==18098== 
==18098== 
==18098== HEAP SUMMARY:
==18098==     in use at exit: 130,633 bytes in 195 blocks
==18098==   total heap usage: 341 allocs, 146 frees, 152,781 bytes allocated
==18098== 
==18098== 357 (32 direct, 325 indirect) bytes in 1 blocks are definitely lost in loss record 21 of 45
==18098==    at 0x4C31B25: calloc (in /usr/lib/valgrind/vgpreload_memcheck-amd64-linux.so)
==18098==    by 0x10A177: parse (in /home/ics53/hw3/bin/53shell)
==18098==    by 0x10A30E: validate_input (in /home/ics53/hw3/bin/53shell)
==18098==    by 0x10AC1F: main (icssh.c:85)
==18098== 
==18098== LEAK SUMMARY:
==18098==    definitely lost: 32 bytes in 1 blocks
==18098==    indirectly lost: 325 bytes in 3 blocks
==18098==      possibly lost: 0 bytes in 0 blocks
==18098==    still reachable: 0 bytes in 0 blocks
==18098==         suppressed: 130,276 bytes in 191 blocks
==18098== 
==18098== For counts of detected and suppressed errors, rerun with: -v
==18098== ERROR SUMMARY: 1 errors from 1 contexts (suppressed: 0 from 0)
